<?xml version="1.0" encoding="UTF-8"?>
<!-- Generated by org.testng.reporters.JUnitReportReporter -->
<testsuite hostname="Jinu" failures="0" tests="2" name="com.package2.AppTest" time="0.018" errors="0" timestamp="2023-05-22T21:32:22 IST" skipped="0">
  <testcase classname="com.package2.AppTest" name="testlogin1" time="0.009"/>
  <system-out/>
  <testcase classname="com.package2.AppTest" name="testLogin2" time="0.009"/>
  <system-out/>
</testsuite> <!-- com.package2.AppTest -->
