<?xml version="1.0" encoding="UTF-8"?>
<!-- Generated by org.testng.reporters.JUnitReportReporter -->
<testsuite hostname="Jinu" failures="0" tests="1" name="com.package2.Login" time="8.629" errors="0" timestamp="2023-05-22T21:39:02 IST" skipped="0">
  <testcase classname="com.package2.Login" name="login_test" time="8.629"/>
  <system-out/>
</testsuite> <!-- com.package2.Login -->
